<?xml version="1.0" encoding="UTF-8"?>
<!-- Generated by org.testng.reporters.JUnitReportReporter -->
<testsuite skipped="0" hostname="WPU5CG0283FNQL" name="com.OrangeHRM.OrangeHRM_Login_DataProvider" tests="3" failures="0" timestamp="2021-02-23T13:09:54 IST" time="52.867" errors="0">
  <testcase name="LoginToOrangeHRM" time="24.321" classname="com.OrangeHRM.OrangeHRM_Login_DataProvider"/>
  <system-out/>
  <testcase name="LoginToOrangeHRM" time="14.176" classname="com.OrangeHRM.OrangeHRM_Login_DataProvider"/>
  <system-out/>
  <testcase name="LoginToOrangeHRM" time="14.370" classname="com.OrangeHRM.OrangeHRM_Login_DataProvider"/>
  <system-out/>
</testsuite> <!-- com.OrangeHRM.OrangeHRM_Login_DataProvider -->
