<?xml version="1.0" encoding="UTF-8"?>
<!-- Generated by org.testng.reporters.JUnitReportReporter -->
<testsuite skipped="0" hostname="WPU5CG0283FNQL" name="com.OrangeHRM.OrangeHRM_Login_AllTC_Sceanrios" tests="5" failures="0" timestamp="2021-02-24T13:10:14 IST" time="14.556" errors="0">
  <testcase name="LoginAllCases" time="8.357" classname="com.OrangeHRM.OrangeHRM_Login_AllTC_Sceanrios"/>
  <system-out/>
  <testcase name="LoginAllCases" time="0.183" classname="com.OrangeHRM.OrangeHRM_Login_AllTC_Sceanrios"/>
  <system-out/>
  <testcase name="LoginAllCases" time="1.234" classname="com.OrangeHRM.OrangeHRM_Login_AllTC_Sceanrios"/>
  <system-out/>
  <testcase name="LoginAllCases" time="4.116" classname="com.OrangeHRM.OrangeHRM_Login_AllTC_Sceanrios"/>
  <system-out/>
  <testcase name="LoginAllCases" time="0.666" classname="com.OrangeHRM.OrangeHRM_Login_AllTC_Sceanrios"/>
  <system-out/>
</testsuite> <!-- com.OrangeHRM.OrangeHRM_Login_AllTC_Sceanrios -->
