<?xml version="1.0" encoding="UTF-8"?>
<!-- Generated by org.testng.reporters.JUnitReportReporter -->
<testsuite skipped="0" hostname="WPU5CG0283FNQL" name="com.OrangeHRM.Google_NavigateToAllLink" tests="1" failures="0" timestamp="2021-02-25T10:26:56 IST" time="56.778" errors="0">
  <testcase name="navigateToAllLinks" time="56.778" classname="com.OrangeHRM.Google_NavigateToAllLink"/>
  <system-out/>
</testsuite> <!-- com.OrangeHRM.Google_NavigateToAllLink -->
