<?xml version="1.0" encoding="UTF-8"?>
<!-- Generated by org.testng.reporters.JUnitReportReporter -->
<testsuite skipped="0" hostname="WPU5CG0283FNQL" name="com.OrangeHRM.SmokeTestSuite" tests="1" failures="0" timestamp="2021-02-24T12:19:31 IST" time="0.006" errors="0">
  <testcase name="SmokeBatchExecution" time="0.006" classname="com.OrangeHRM.SmokeTestSuite"/>
  <system-out/>
</testsuite> <!-- com.OrangeHRM.SmokeTestSuite -->
