<?xml version="1.0" encoding="UTF-8"?>
<!-- Generated by org.testng.reporters.JUnitReportReporter -->
<testsuite skipped="0" hostname="WPU5CG0283FNQL" name="com.OrangeHRM.SiteRendering" tests="1" failures="0" timestamp="2021-03-01T13:13:05 IST" time="19.308" errors="0">
  <testcase name="ByPage" time="19.308" classname="com.OrangeHRM.SiteRendering"/>
  <system-out/>
</testsuite> <!-- com.OrangeHRM.SiteRendering -->
