<?xml version="1.0" encoding="UTF-8"?>
<!-- Generated by org.testng.reporters.JUnitReportReporter -->
<testsuite skipped="0" hostname="WPU5CG0283FNQL" name="com.OrangeHRM.OrangeHRM_ReadOR_File" tests="1" failures="0" timestamp="2021-02-26T11:47:51 IST" time="26.453" errors="0">
  <testcase name="Flight_Login" time="26.453" classname="com.OrangeHRM.OrangeHRM_ReadOR_File"/>
  <system-out/>
</testsuite> <!-- com.OrangeHRM.OrangeHRM_ReadOR_File -->
