<?xml version="1.0" encoding="UTF-8"?>
<!-- Generated by org.testng.reporters.JUnitReportReporter -->
<testsuite skipped="0" hostname="WPU5CG0283FNQL" name="com.OrangeHRM.HDFNet_Banking" tests="1" failures="0" timestamp="2021-03-03T11:41:45 IST" time="0.693" errors="0">
  <testcase name="EnterCustomerID" time="0.693" classname="com.OrangeHRM.HDFNet_Banking"/>
  <system-out/>
</testsuite> <!-- com.OrangeHRM.HDFNet_Banking -->
