<?xml version="1.0" encoding="UTF-8"?>
<!-- Generated by org.testng.reporters.JUnitReportReporter -->
<testsuite skipped="0" hostname="WPU5CG0283FNQL" name="com.OrangeHRM.DragandDrop_Example" tests="1" failures="0" timestamp="2021-02-24T12:19:31 IST" time="8.412" errors="0">
  <testcase name="DragDrop" time="8.412" classname="com.OrangeHRM.DragandDrop_Example"/>
  <system-out/>
</testsuite> <!-- com.OrangeHRM.DragandDrop_Example -->
