<?xml version="1.0" encoding="UTF-8"?>
<!-- Generated by org.testng.reporters.JUnitReportReporter -->
<testsuite skipped="0" hostname="WPU5CG0283FNQL" name="com.OrangeHRM.OrangeHRM_MouseOver" tests="1" failures="0" timestamp="2021-02-22T11:51:16 IST" time="42.323" errors="0">
  <testcase name="Sign_On" time="42.323" classname="com.OrangeHRM.OrangeHRM_MouseOver"/>
  <system-out/>
</testsuite> <!-- com.OrangeHRM.OrangeHRM_MouseOver -->
