<?xml version="1.0" encoding="UTF-8"?>
<!-- Generated by org.testng.reporters.JUnitReportReporter -->
<testsuite skipped="0" hostname="WPU5CG0283FNQL" name="com.OrangeHRM.Capture_ScreenShot_Example" tests="2" failures="0" timestamp="2021-02-26T12:16:07 IST" time="22.351" errors="0">
  <testcase name="LaunchBrowser" time="3.293" classname="com.OrangeHRM.Capture_ScreenShot_Example"/>
  <system-out/>
  <testcase name="OrangeHRM_Login" time="19.058" classname="com.OrangeHRM.Capture_ScreenShot_Example"/>
  <system-out/>
</testsuite> <!-- com.OrangeHRM.Capture_ScreenShot_Example -->
