<?xml version="1.0" encoding="UTF-8"?>
<!-- Generated by org.testng.reporters.JUnitReportReporter -->
<testsuite skipped="0" hostname="WPU5CG0283FNQL" name="com.OrangeHRM.HDFNet_JscriptAlert" tests="1" failures="0" timestamp="2021-02-22T11:02:36 IST" time="0.249" errors="0">
  <testcase name="EnterCustomerID" time="0.249" classname="com.OrangeHRM.HDFNet_JscriptAlert"/>
  <system-out/>
</testsuite> <!-- com.OrangeHRM.HDFNet_JscriptAlert -->
